<?xml version="1.0" encoding="UTF-8"?>
<testng-results total="1" passed="1" failed="0" skipped="0">
  <reporter-output>
  </reporter-output>
  <suite started-at="2019-08-27T12:27:34Z" name="Suite" finished-at="2019-08-27T12:27:35Z" duration-ms="1120">
    <groups>
      <group name="cucumber">
        <method signature="AbstractTestNGCucumberTests.feature(cucumber.api.testng.CucumberFeatureWrapper)[pri:0, instance:cucumberOptions.TestRunner@5dda768f]" name="feature" class="cucumber.api.testng.AbstractTestNGCucumberTests"/>
      </group> <!-- cucumber -->
    </groups>
    <test started-at="2019-08-27T12:27:34Z" name="Test" finished-at="2019-08-27T12:27:35Z" duration-ms="1120">
      <class name="cucumberOptions.TestRunner">
        <test-method is-config="true" signature="setUpClass()[pri:0, instance:cucumberOptions.TestRunner@5dda768f]" started-at="2019-08-27T05:27:34Z" name="setUpClass" finished-at="2019-08-27T05:27:35Z" duration-ms="513" status="PASS">
          <reporter-output>
          </reporter-output>
        </test-method> <!-- setUpClass -->
        <test-method signature="feature(cucumber.api.testng.CucumberFeatureWrapper)[pri:0, instance:cucumberOptions.TestRunner@5dda768f]" started-at="2019-08-27T05:27:35Z" name="feature" description="Runs Cucumber Feature" data-provider="features" finished-at="2019-08-27T05:27:35Z" duration-ms="391" status="PASS">
          <params>
            <param index="0">
              <value>
                <![CDATA[Applicaiton Login]]>
              </value>
            </param>
          </params>
          <reporter-output>
          </reporter-output>
        </test-method> <!-- feature -->
        <test-method is-config="true" signature="tearDownClass()[pri:0, instance:cucumberOptions.TestRunner@5dda768f]" started-at="2019-08-27T05:27:35Z" name="tearDownClass" finished-at="2019-08-27T05:27:35Z" duration-ms="15" status="PASS">
          <reporter-output>
          </reporter-output>
        </test-method> <!-- tearDownClass -->
      </class> <!-- cucumberOptions.TestRunner -->
    </test> <!-- Test -->
  </suite> <!-- Suite -->
</testng-results>
